mode: atomic
github.com/hayden-erickson/neural-network/la/array.go:17.35,19.2 1 9
github.com/hayden-erickson/neural-network/la/array.go:21.31,23.2 1 0
github.com/hayden-erickson/neural-network/la/array.go:25.25,28.27 2 1
github.com/hayden-erickson/neural-network/la/array.go:34.2,38.3 1 1
github.com/hayden-erickson/neural-network/la/array.go:28.27,29.28 1 3
github.com/hayden-erickson/neural-network/la/array.go:29.28,31.4 1 9
github.com/hayden-erickson/neural-network/la/array.go:41.34,43.2 1 0
github.com/hayden-erickson/neural-network/la/parallel.go:10.29,12.2 1 7
github.com/hayden-erickson/neural-network/la/parallel.go:14.32,15.25 1 7
github.com/hayden-erickson/neural-network/la/parallel.go:15.25,17.3 1 7
github.com/hayden-erickson/neural-network/la/parallel.go:20.54,21.40 1 11
github.com/hayden-erickson/neural-network/la/parallel.go:21.40,24.23 2 9
github.com/hayden-erickson/neural-network/la/parallel.go:28.3,28.13 1 9
github.com/hayden-erickson/neural-network/la/parallel.go:24.23,26.4 1 20000
github.com/hayden-erickson/neural-network/la/parallel.go:34.62,35.17 1 15
github.com/hayden-erickson/neural-network/la/parallel.go:40.2,43.12 3 7
github.com/hayden-erickson/neural-network/la/parallel.go:48.2,52.31 3 7
github.com/hayden-erickson/neural-network/la/parallel.go:35.17,38.3 1 8
github.com/hayden-erickson/neural-network/la/parallel.go:43.12,46.3 2 7
github.com/hayden-erickson/neural-network/la/parallel.go:55.38,56.47 1 1
github.com/hayden-erickson/neural-network/la/parallel.go:56.47,58.3 1 1
github.com/hayden-erickson/neural-network/la/parallel.go:61.57,62.40 1 1
github.com/hayden-erickson/neural-network/la/parallel.go:62.40,66.3 2 1
github.com/hayden-erickson/neural-network/la/parallel.go:69.50,70.35 1 1
github.com/hayden-erickson/neural-network/la/parallel.go:70.35,73.31 2 0
github.com/hayden-erickson/neural-network/la/parallel.go:77.3,77.13 1 0
github.com/hayden-erickson/neural-network/la/parallel.go:73.31,75.4 1 0
github.com/hayden-erickson/neural-network/la/parallel.go:81.32,83.2 1 20000
github.com/hayden-erickson/neural-network/la/parallel.go:85.32,87.2 1 0
github.com/hayden-erickson/neural-network/la/parallel.go:89.33,91.2 1 0
github.com/hayden-erickson/neural-network/la/util.go:8.25,11.23 2 20000
github.com/hayden-erickson/neural-network/la/util.go:15.2,15.12 1 20000
github.com/hayden-erickson/neural-network/la/util.go:11.23,13.3 1 9990
github.com/hayden-erickson/neural-network/la/util.go:18.34,23.25 3 2
github.com/hayden-erickson/neural-network/la/util.go:27.2,27.10 1 2
github.com/hayden-erickson/neural-network/la/util.go:23.25,25.3 1 20000
github.com/hayden-erickson/neural-network/la/util.go:30.34,33.25 2 0
github.com/hayden-erickson/neural-network/la/util.go:37.2,41.3 1 0
github.com/hayden-erickson/neural-network/la/util.go:33.25,35.3 1 0
github.com/hayden-erickson/neural-network/la/util.go:44.34,50.2 1 0
github.com/hayden-erickson/neural-network/la/util.go:52.41,58.25 4 2
github.com/hayden-erickson/neural-network/la/util.go:64.2,68.3 1 2
github.com/hayden-erickson/neural-network/la/util.go:58.25,59.29 1 6
github.com/hayden-erickson/neural-network/la/util.go:59.29,61.4 1 18
